2015-05-29 15:57:23 INFO webpagetest-mapper: running test 0 [Nature homepage]
2015-05-29 15:57:23 INFO webpagetest-mapper: running test 1 [Nature article]
2015-05-29 15:57:23 INFO webpagetest-mapper: running test 2 [CNN homepage]
2015-05-29 15:57:23 INFO webpagetest-mapper: running test 3 [CNN article]
2015-05-29 15:57:54 INFO webpagetest-mapper: finished running test 1 [Nature article]
2015-05-29 15:57:54 INFO webpagetest-mapper: finished running test 3 [CNN article]
2015-05-29 15:57:54 INFO webpagetest-mapper: finished running test 0 [Nature homepage]
2015-05-29 15:57:54 INFO webpagetest-mapper: finished running test 2 [CNN homepage]
2015-05-29 15:57:54 INFO webpagetest-mapper: fetching SpeedIndex result 150529_6N_T8K [Nature homepage]
2015-05-29 15:57:54 INFO webpagetest-mapper: fetching TTFB result 150529_6N_T8K [Nature homepage]
2015-05-29 15:57:54 INFO webpagetest-mapper: fetching render result 150529_6N_T8K [Nature homepage]
2015-05-29 15:57:54 INFO webpagetest-mapper: fetching loadTime result 150529_6N_T8K [Nature homepage]
2015-05-29 15:57:54 INFO webpagetest-mapper: fetching SpeedIndex result 150529_C9_T8J [Nature article]
2015-05-29 15:57:54 INFO webpagetest-mapper: fetching TTFB result 150529_C9_T8J [Nature article]
2015-05-29 15:57:54 INFO webpagetest-mapper: fetching render result 150529_C9_T8J [Nature article]
2015-05-29 15:57:54 INFO webpagetest-mapper: fetching loadTime result 150529_C9_T8J [Nature article]
2015-05-29 15:57:54 INFO webpagetest-mapper: fetching SpeedIndex result 150529_9P_T8N [CNN homepage]
2015-05-29 15:57:54 INFO webpagetest-mapper: fetching TTFB result 150529_9P_T8N [CNN homepage]
2015-05-29 15:57:54 INFO webpagetest-mapper: fetching render result 150529_9P_T8N [CNN homepage]
2015-05-29 15:57:54 INFO webpagetest-mapper: fetching loadTime result 150529_9P_T8N [CNN homepage]
2015-05-29 15:57:54 INFO webpagetest-mapper: fetching SpeedIndex result 150529_KW_T8M [CNN article]
2015-05-29 15:57:54 INFO webpagetest-mapper: fetching TTFB result 150529_KW_T8M [CNN article]
2015-05-29 15:57:54 INFO webpagetest-mapper: fetching render result 150529_KW_T8M [CNN article]
2015-05-29 15:57:54 INFO webpagetest-mapper: fetching loadTime result 150529_KW_T8M [CNN article]
2015-05-29 15:57:54 INFO webpagetest-mapper: still waiting for TTFB result 150529_C9_T8J [Nature article]
2015-05-29 15:57:54 INFO webpagetest-mapper: still waiting for SpeedIndex result 150529_C9_T8J [Nature article]
2015-05-29 15:57:54 INFO webpagetest-mapper: still waiting for SpeedIndex result 150529_6N_T8K [Nature homepage]
2015-05-29 15:57:54 INFO webpagetest-mapper: still waiting for loadTime result 150529_6N_T8K [Nature homepage]
2015-05-29 15:57:54 INFO webpagetest-mapper: still waiting for render result 150529_6N_T8K [Nature homepage]
2015-05-29 15:57:54 INFO webpagetest-mapper: still waiting for render result 150529_C9_T8J [Nature article]
2015-05-29 15:57:54 INFO webpagetest-mapper: still waiting for TTFB result 150529_6N_T8K [Nature homepage]
2015-05-29 15:57:54 INFO webpagetest-mapper: still waiting for loadTime result 150529_C9_T8J [Nature article]
2015-05-29 15:57:54 INFO webpagetest-mapper: still waiting for render result 150529_9P_T8N [CNN homepage]
2015-05-29 15:57:54 INFO webpagetest-mapper: still waiting for loadTime result 150529_9P_T8N [CNN homepage]
2015-05-29 15:57:54 INFO webpagetest-mapper: still waiting for SpeedIndex result 150529_KW_T8M [CNN article]
2015-05-29 15:57:54 INFO webpagetest-mapper: still waiting for loadTime result 150529_KW_T8M [CNN article]
2015-05-29 15:57:54 INFO webpagetest-mapper: still waiting for render result 150529_KW_T8M [CNN article]
2015-05-29 15:57:55 INFO webpagetest-mapper: still waiting for SpeedIndex result 150529_9P_T8N [CNN homepage]
2015-05-29 15:57:55 INFO webpagetest-mapper: still waiting for TTFB result 150529_9P_T8N [CNN homepage]
2015-05-29 15:57:55 INFO webpagetest-mapper: still waiting for TTFB result 150529_KW_T8M [CNN article]
2015-05-29 16:07:54 INFO webpagetest-mapper: fetching TTFB result 150529_C9_T8J [Nature article]
2015-05-29 16:07:54 INFO webpagetest-mapper: fetching SpeedIndex result 150529_C9_T8J [Nature article]
2015-05-29 16:07:54 INFO webpagetest-mapper: fetching SpeedIndex result 150529_6N_T8K [Nature homepage]
2015-05-29 16:07:54 INFO webpagetest-mapper: fetching loadTime result 150529_6N_T8K [Nature homepage]
2015-05-29 16:07:54 INFO webpagetest-mapper: fetching render result 150529_6N_T8K [Nature homepage]
2015-05-29 16:07:54 INFO webpagetest-mapper: fetching render result 150529_C9_T8J [Nature article]
2015-05-29 16:07:54 INFO webpagetest-mapper: fetching TTFB result 150529_6N_T8K [Nature homepage]
2015-05-29 16:07:54 INFO webpagetest-mapper: fetching loadTime result 150529_C9_T8J [Nature article]
2015-05-29 16:07:54 INFO webpagetest-mapper: fetching render result 150529_9P_T8N [CNN homepage]
2015-05-29 16:07:54 INFO webpagetest-mapper: fetching loadTime result 150529_9P_T8N [CNN homepage]
2015-05-29 16:07:54 INFO webpagetest-mapper: fetching SpeedIndex result 150529_KW_T8M [CNN article]
2015-05-29 16:07:54 INFO webpagetest-mapper: fetching loadTime result 150529_KW_T8M [CNN article]
2015-05-29 16:07:54 INFO webpagetest-mapper: fetching render result 150529_KW_T8M [CNN article]
2015-05-29 16:07:55 INFO webpagetest-mapper: fetching SpeedIndex result 150529_9P_T8N [CNN homepage]
2015-05-29 16:07:55 INFO webpagetest-mapper: fetching TTFB result 150529_9P_T8N [CNN homepage]
2015-05-29 16:07:55 INFO webpagetest-mapper: fetching TTFB result 150529_KW_T8M [CNN article]
2015-05-29 16:07:55 INFO webpagetest-mapper: finished fetching render result 150529_6N_T8K [Nature homepage]
2015-05-29 16:07:55 INFO webpagetest-mapper: finished fetching SpeedIndex result 150529_6N_T8K [Nature homepage]
2015-05-29 16:07:55 INFO webpagetest-mapper: finished fetching SpeedIndex result 150529_C9_T8J [Nature article]
2015-05-29 16:07:55 INFO webpagetest-mapper: finished fetching loadTime result 150529_C9_T8J [Nature article]
2015-05-29 16:07:55 INFO webpagetest-mapper: finished fetching TTFB result 150529_6N_T8K [Nature homepage]
2015-05-29 16:07:55 INFO webpagetest-mapper: finished fetching render result 150529_C9_T8J [Nature article]
2015-05-29 16:07:55 INFO webpagetest-mapper: finished fetching loadTime result 150529_6N_T8K [Nature homepage]
2015-05-29 16:07:55 INFO webpagetest-mapper: finished fetching TTFB result 150529_C9_T8J [Nature article]
2015-05-29 16:07:55 INFO webpagetest-mapper: finished fetching SpeedIndex result 150529_9P_T8N [CNN homepage]
2015-05-29 16:07:55 INFO webpagetest-mapper: finished fetching loadTime result 150529_9P_T8N [CNN homepage]
2015-05-29 16:07:55 INFO webpagetest-mapper: finished fetching render result 150529_9P_T8N [CNN homepage]
2015-05-29 16:07:55 INFO webpagetest-mapper: finished fetching TTFB result 150529_9P_T8N [CNN homepage]
2015-05-29 16:07:56 INFO webpagetest-mapper: finished fetching SpeedIndex result 150529_KW_T8M [CNN article]
2015-05-29 16:07:56 INFO webpagetest-mapper: finished fetching TTFB result 150529_KW_T8M [CNN article]
2015-05-29 16:07:56 INFO webpagetest-mapper: finished fetching loadTime result 150529_KW_T8M [CNN article]
2015-05-29 16:07:56 INFO webpagetest-mapper: finished fetching render result 150529_KW_T8M [CNN article]
2015-05-29 16:07:56 INFO webpagetest-mapper: dumping intermediates to `/Users/phil.booth/Code/webpagetest-mapper/foo.json`
2015-05-29 16:07:56 INFO webpagetest-mapper: mapping result 150529_6N_T8K [Nature homepage]
2015-05-29 16:07:56 INFO webpagetest-mapper: mapping result 150529_C9_T8J [Nature article]
2015-05-29 16:07:56 INFO webpagetest-mapper: mapping result 150529_9P_T8N [CNN homepage]
2015-05-29 16:07:56 INFO webpagetest-mapper: mapping result 150529_KW_T8M [CNN article]
